Wed, 09 Mar 2022 21:46:09-root-logger_handler.py-[line:123]-INFO-[日志信息]: ****************************************************************************************
Wed, 09 Mar 2022 21:46:09-root-logger_handler.py-[line:123]-INFO-[日志信息]: 接口用例名称：用户登录接口-正常登录
Wed, 09 Mar 2022 21:46:09-root-logger_handler.py-[line:123]-INFO-[日志信息]: 接口请求方法：post
Wed, 09 Mar 2022 21:46:09-root-logger_handler.py-[line:123]-INFO-[日志信息]: 接口url地址：http://localhost:8080/jwshoplogin/user/login.do
Wed, 09 Mar 2022 21:46:09-root-logger_handler.py-[line:123]-INFO-[日志信息]: 接口测试数据：{'username': '刘婷5', 'password': 123456}
Wed, 09 Mar 2022 21:46:09-root-logger_handler.py-[line:123]-INFO-[日志信息]: 响应结果：{'status': 0, 'msg': '登录成功', 'data': {'id': 35, 'username': '刘婷5', 'password': None, 'email': 'liuting5@51testing.com', 'phone': None, 'question': '喜欢吃的水果', 'answer': '香蕉', 'role': 0, 'createTime': 1646750196000, 'updateTime': 1646750196000}}
Wed, 09 Mar 2022 21:46:11-root-logger_handler.py-[line:123]-INFO-[日志信息]: ****************************************************************************************
Wed, 09 Mar 2022 21:46:11-root-logger_handler.py-[line:123]-INFO-[日志信息]: 接口用例名称：账号为空
Wed, 09 Mar 2022 21:46:11-root-logger_handler.py-[line:123]-INFO-[日志信息]: 接口请求方法：post
Wed, 09 Mar 2022 21:46:11-root-logger_handler.py-[line:123]-INFO-[日志信息]: 接口url地址：http://localhost:8080/jwshoplogin/user/login.do
Wed, 09 Mar 2022 21:46:11-root-logger_handler.py-[line:123]-INFO-[日志信息]: 接口测试数据：{'username': '刘婷5', 'password': 123456}
Wed, 09 Mar 2022 21:46:11-root-logger_handler.py-[line:123]-INFO-[日志信息]: 响应结果：{'status': 0, 'msg': '登录成功', 'data': {'id': 35, 'username': '刘婷5', 'password': None, 'email': 'liuting5@51testing.com', 'phone': None, 'question': '喜欢吃的水果', 'answer': '香蕉', 'role': 0, 'createTime': 1646750196000, 'updateTime': 1646750196000}}
Wed, 09 Mar 2022 21:46:13-root-logger_handler.py-[line:123]-INFO-[日志信息]: ****************************************************************************************
Wed, 09 Mar 2022 21:46:13-root-logger_handler.py-[line:123]-INFO-[日志信息]: 接口用例名称：密码为空
Wed, 09 Mar 2022 21:46:13-root-logger_handler.py-[line:123]-INFO-[日志信息]: 接口请求方法：post
Wed, 09 Mar 2022 21:46:13-root-logger_handler.py-[line:123]-INFO-[日志信息]: 接口url地址：http://localhost:8080/jwshoplogin/user/login.do
Wed, 09 Mar 2022 21:46:13-root-logger_handler.py-[line:123]-INFO-[日志信息]: 接口测试数据：{'username': '刘婷5', 'password': 123456}
Wed, 09 Mar 2022 21:46:13-root-logger_handler.py-[line:123]-INFO-[日志信息]: 响应结果：{'status': 0, 'msg': '登录成功', 'data': {'id': 35, 'username': '刘婷5', 'password': None, 'email': 'liuting5@51testing.com', 'phone': None, 'question': '喜欢吃的水果', 'answer': '香蕉', 'role': 0, 'createTime': 1646750196000, 'updateTime': 1646750196000}}
Wed, 09 Mar 2022 21:46:15-root-logger_handler.py-[line:123]-INFO-[日志信息]: ****************************************************************************************
Wed, 09 Mar 2022 21:46:15-root-logger_handler.py-[line:123]-INFO-[日志信息]: 接口用例名称：账号不存在
Wed, 09 Mar 2022 21:46:15-root-logger_handler.py-[line:123]-INFO-[日志信息]: 接口请求方法：post
Wed, 09 Mar 2022 21:46:15-root-logger_handler.py-[line:123]-INFO-[日志信息]: 接口url地址：http://localhost:8080/jwshoplogin/user/login.do
Wed, 09 Mar 2022 21:46:15-root-logger_handler.py-[line:123]-INFO-[日志信息]: 接口测试数据：{'username': '刘婷5213123', 'password': 123456}
Wed, 09 Mar 2022 21:46:15-root-logger_handler.py-[line:129]-ERROR-[日志信息]: 用例执行失败：assert '登录成功' == '用户名不存在'
Wed, 09 Mar 2022 21:46:17-root-logger_handler.py-[line:123]-INFO-[日志信息]: ****************************************************************************************
Wed, 09 Mar 2022 21:46:17-root-logger_handler.py-[line:123]-INFO-[日志信息]: 接口用例名称：账号密码都为空
Wed, 09 Mar 2022 21:46:17-root-logger_handler.py-[line:123]-INFO-[日志信息]: 接口请求方法：post
Wed, 09 Mar 2022 21:46:17-root-logger_handler.py-[line:123]-INFO-[日志信息]: 接口url地址：http://localhost:8080/jwshoplogin/user/login.do
Wed, 09 Mar 2022 21:46:17-root-logger_handler.py-[line:123]-INFO-[日志信息]: 接口测试数据：{'username': None, 'password': None}
Wed, 09 Mar 2022 21:46:17-root-logger_handler.py-[line:129]-ERROR-[日志信息]: 用例执行失败：assert '登录成功' == '用户名不存在'
Wed, 09 Mar 2022 21:47:34-root-logger_handler.py-[line:123]-INFO-[日志信息]: ****************************************************************************************
Wed, 09 Mar 2022 21:47:34-root-logger_handler.py-[line:123]-INFO-[日志信息]: 接口用例名称：用户登录接口-正常登录
Wed, 09 Mar 2022 21:47:34-root-logger_handler.py-[line:123]-INFO-[日志信息]: 接口请求方法：post
Wed, 09 Mar 2022 21:47:34-root-logger_handler.py-[line:123]-INFO-[日志信息]: 接口url地址：http://localhost:8080/jwshoplogin/user/login.do
Wed, 09 Mar 2022 21:47:34-root-logger_handler.py-[line:123]-INFO-[日志信息]: 接口测试数据：{'username': '刘婷5', 'password': 123456}
Wed, 09 Mar 2022 21:47:34-root-logger_handler.py-[line:123]-INFO-[日志信息]: 响应结果：{'status': 0, 'msg': '登录成功', 'data': {'id': 35, 'username': '刘婷5', 'password': None, 'email': 'liuting5@51testing.com', 'phone': None, 'question': '喜欢吃的水果', 'answer': '香蕉', 'role': 0, 'createTime': 1646750196000, 'updateTime': 1646750196000}}
Wed, 09 Mar 2022 21:47:36-root-logger_handler.py-[line:123]-INFO-[日志信息]: ****************************************************************************************
Wed, 09 Mar 2022 21:47:36-root-logger_handler.py-[line:123]-INFO-[日志信息]: 接口用例名称：账号为空
Wed, 09 Mar 2022 21:47:36-root-logger_handler.py-[line:123]-INFO-[日志信息]: 接口请求方法：post
Wed, 09 Mar 2022 21:47:36-root-logger_handler.py-[line:123]-INFO-[日志信息]: 接口url地址：http://localhost:8080/jwshoplogin/user/login.do
Wed, 09 Mar 2022 21:47:36-root-logger_handler.py-[line:123]-INFO-[日志信息]: 接口测试数据：{'username': '刘婷5', 'password': 123456}
Wed, 09 Mar 2022 21:47:36-root-logger_handler.py-[line:123]-INFO-[日志信息]: 响应结果：{'status': 0, 'msg': '登录成功', 'data': {'id': 35, 'username': '刘婷5', 'password': None, 'email': 'liuting5@51testing.com', 'phone': None, 'question': '喜欢吃的水果', 'answer': '香蕉', 'role': 0, 'createTime': 1646750196000, 'updateTime': 1646750196000}}
Wed, 09 Mar 2022 21:47:38-root-logger_handler.py-[line:123]-INFO-[日志信息]: ****************************************************************************************
Wed, 09 Mar 2022 21:47:38-root-logger_handler.py-[line:123]-INFO-[日志信息]: 接口用例名称：密码为空
Wed, 09 Mar 2022 21:47:38-root-logger_handler.py-[line:123]-INFO-[日志信息]: 接口请求方法：post
Wed, 09 Mar 2022 21:47:38-root-logger_handler.py-[line:123]-INFO-[日志信息]: 接口url地址：http://localhost:8080/jwshoplogin/user/login.do
Wed, 09 Mar 2022 21:47:38-root-logger_handler.py-[line:123]-INFO-[日志信息]: 接口测试数据：{'username': '刘婷5', 'password': 123456}
Wed, 09 Mar 2022 21:47:38-root-logger_handler.py-[line:123]-INFO-[日志信息]: 响应结果：{'status': 0, 'msg': '登录成功', 'data': {'id': 35, 'username': '刘婷5', 'password': None, 'email': 'liuting5@51testing.com', 'phone': None, 'question': '喜欢吃的水果', 'answer': '香蕉', 'role': 0, 'createTime': 1646750196000, 'updateTime': 1646750196000}}
Wed, 09 Mar 2022 21:47:40-root-logger_handler.py-[line:123]-INFO-[日志信息]: ****************************************************************************************
Wed, 09 Mar 2022 21:47:40-root-logger_handler.py-[line:123]-INFO-[日志信息]: 接口用例名称：账号不存在
Wed, 09 Mar 2022 21:47:40-root-logger_handler.py-[line:123]-INFO-[日志信息]: 接口请求方法：post
Wed, 09 Mar 2022 21:47:40-root-logger_handler.py-[line:123]-INFO-[日志信息]: 接口url地址：http://localhost:8080/jwshoplogin/user/login.do
Wed, 09 Mar 2022 21:47:40-root-logger_handler.py-[line:123]-INFO-[日志信息]: 接口测试数据：{'username': '刘婷5213123', 'password': 123456}
Wed, 09 Mar 2022 21:47:40-root-logger_handler.py-[line:129]-ERROR-[日志信息]: 用例执行失败：assert '登录成功' == '用户名不存在'
Wed, 09 Mar 2022 21:47:42-root-logger_handler.py-[line:123]-INFO-[日志信息]: ****************************************************************************************
Wed, 09 Mar 2022 21:47:42-root-logger_handler.py-[line:123]-INFO-[日志信息]: 接口用例名称：账号密码都为空
Wed, 09 Mar 2022 21:47:42-root-logger_handler.py-[line:123]-INFO-[日志信息]: 接口请求方法：post
Wed, 09 Mar 2022 21:47:42-root-logger_handler.py-[line:123]-INFO-[日志信息]: 接口url地址：http://localhost:8080/jwshoplogin/user/login.do
Wed, 09 Mar 2022 21:47:42-root-logger_handler.py-[line:123]-INFO-[日志信息]: 接口测试数据：{'username': None, 'password': None}
Wed, 09 Mar 2022 21:47:42-root-logger_handler.py-[line:129]-ERROR-[日志信息]: 用例执行失败：assert '登录成功' == '用户名不存在'
Wed, 09 Mar 2022 21:48:39-root-logger_handler.py-[line:123]-INFO-[日志信息]: ****************************************************************************************
Wed, 09 Mar 2022 21:48:39-root-logger_handler.py-[line:123]-INFO-[日志信息]: 接口用例名称：账号不存在
Wed, 09 Mar 2022 21:48:39-root-logger_handler.py-[line:123]-INFO-[日志信息]: 接口请求方法：post
Wed, 09 Mar 2022 21:48:39-root-logger_handler.py-[line:123]-INFO-[日志信息]: 接口url地址：http://localhost:8080/jwshoplogin/user/login.do
Wed, 09 Mar 2022 21:48:39-root-logger_handler.py-[line:123]-INFO-[日志信息]: 接口测试数据：{'username': '刘婷5213123', 'password': 123456}
Wed, 09 Mar 2022 21:48:39-root-logger_handler.py-[line:129]-ERROR-[日志信息]: 用例执行失败：assert '登录成功' == '用户名不存在'
Wed, 09 Mar 2022 21:48:41-root-logger_handler.py-[line:123]-INFO-[日志信息]: ****************************************************************************************
Wed, 09 Mar 2022 21:48:41-root-logger_handler.py-[line:123]-INFO-[日志信息]: 接口用例名称：账号密码都为空
Wed, 09 Mar 2022 21:48:41-root-logger_handler.py-[line:123]-INFO-[日志信息]: 接口请求方法：post
Wed, 09 Mar 2022 21:48:41-root-logger_handler.py-[line:123]-INFO-[日志信息]: 接口url地址：http://localhost:8080/jwshoplogin/user/login.do
Wed, 09 Mar 2022 21:48:41-root-logger_handler.py-[line:123]-INFO-[日志信息]: 接口测试数据：{'username': None, 'password': None}
Wed, 09 Mar 2022 21:48:41-root-logger_handler.py-[line:129]-ERROR-[日志信息]: 用例执行失败：assert '登录成功' == '用户名不存在'
Wed, 09 Mar 2022 21:50:37-root-logger_handler.py-[line:123]-INFO-[日志信息]: ****************************************************************************************
Wed, 09 Mar 2022 21:50:37-root-logger_handler.py-[line:123]-INFO-[日志信息]: 接口用例名称：用户登录接口-正常登录
Wed, 09 Mar 2022 21:50:37-root-logger_handler.py-[line:123]-INFO-[日志信息]: 接口请求方法：post
Wed, 09 Mar 2022 21:50:37-root-logger_handler.py-[line:123]-INFO-[日志信息]: 接口url地址：http://localhost:8080/jwshoplogin/user/login.do
Wed, 09 Mar 2022 21:50:37-root-logger_handler.py-[line:123]-INFO-[日志信息]: 接口测试数据：{'username': '刘婷5', 'password': 123456}
Wed, 09 Mar 2022 21:50:37-root-logger_handler.py-[line:123]-INFO-[日志信息]: 响应结果：{'status': 0, 'msg': '登录成功', 'data': {'id': 35, 'username': '刘婷5', 'password': None, 'email': 'liuting5@51testing.com', 'phone': None, 'question': '喜欢吃的水果', 'answer': '香蕉', 'role': 0, 'createTime': 1646750196000, 'updateTime': 1646750196000}}
Wed, 09 Mar 2022 21:50:39-root-logger_handler.py-[line:123]-INFO-[日志信息]: ****************************************************************************************
Wed, 09 Mar 2022 21:50:39-root-logger_handler.py-[line:123]-INFO-[日志信息]: 接口用例名称：账号为空
Wed, 09 Mar 2022 21:50:39-root-logger_handler.py-[line:123]-INFO-[日志信息]: 接口请求方法：post
Wed, 09 Mar 2022 21:50:39-root-logger_handler.py-[line:123]-INFO-[日志信息]: 接口url地址：http://localhost:8080/jwshoplogin/user/login.do
Wed, 09 Mar 2022 21:50:39-root-logger_handler.py-[line:123]-INFO-[日志信息]: 接口测试数据：{'username': '刘婷5', 'password': 123456}
Wed, 09 Mar 2022 21:50:39-root-logger_handler.py-[line:123]-INFO-[日志信息]: 响应结果：{'status': 0, 'msg': '登录成功', 'data': {'id': 35, 'username': '刘婷5', 'password': None, 'email': 'liuting5@51testing.com', 'phone': None, 'question': '喜欢吃的水果', 'answer': '香蕉', 'role': 0, 'createTime': 1646750196000, 'updateTime': 1646750196000}}
Wed, 09 Mar 2022 21:50:41-root-logger_handler.py-[line:123]-INFO-[日志信息]: ****************************************************************************************
Wed, 09 Mar 2022 21:50:41-root-logger_handler.py-[line:123]-INFO-[日志信息]: 接口用例名称：密码为空
Wed, 09 Mar 2022 21:50:41-root-logger_handler.py-[line:123]-INFO-[日志信息]: 接口请求方法：post
Wed, 09 Mar 2022 21:50:41-root-logger_handler.py-[line:123]-INFO-[日志信息]: 接口url地址：http://localhost:8080/jwshoplogin/user/login.do
Wed, 09 Mar 2022 21:50:41-root-logger_handler.py-[line:123]-INFO-[日志信息]: 接口测试数据：{'username': '刘婷5', 'password': 123456}
Wed, 09 Mar 2022 21:50:41-root-logger_handler.py-[line:123]-INFO-[日志信息]: 响应结果：{'status': 0, 'msg': '登录成功', 'data': {'id': 35, 'username': '刘婷5', 'password': None, 'email': 'liuting5@51testing.com', 'phone': None, 'question': '喜欢吃的水果', 'answer': '香蕉', 'role': 0, 'createTime': 1646750196000, 'updateTime': 1646750196000}}
Wed, 09 Mar 2022 21:50:43-root-logger_handler.py-[line:123]-INFO-[日志信息]: ****************************************************************************************
Wed, 09 Mar 2022 21:50:43-root-logger_handler.py-[line:123]-INFO-[日志信息]: 接口用例名称：账号不存在
Wed, 09 Mar 2022 21:50:43-root-logger_handler.py-[line:123]-INFO-[日志信息]: 接口请求方法：post
Wed, 09 Mar 2022 21:50:43-root-logger_handler.py-[line:123]-INFO-[日志信息]: 接口url地址：http://localhost:8080/jwshoplogin/user/login.do
Wed, 09 Mar 2022 21:50:43-root-logger_handler.py-[line:123]-INFO-[日志信息]: 接口测试数据：{'username': '刘婷5213123', 'password': 123456}
Wed, 09 Mar 2022 21:50:43-root-logger_handler.py-[line:129]-ERROR-[日志信息]: 用例执行失败：assert '登录成功' == '用户名不存在'
Wed, 09 Mar 2022 21:50:45-root-logger_handler.py-[line:123]-INFO-[日志信息]: ****************************************************************************************
Wed, 09 Mar 2022 21:50:45-root-logger_handler.py-[line:123]-INFO-[日志信息]: 接口用例名称：账号密码都为空
Wed, 09 Mar 2022 21:50:45-root-logger_handler.py-[line:123]-INFO-[日志信息]: 接口请求方法：post
Wed, 09 Mar 2022 21:50:45-root-logger_handler.py-[line:123]-INFO-[日志信息]: 接口url地址：http://localhost:8080/jwshoplogin/user/login.do
Wed, 09 Mar 2022 21:50:45-root-logger_handler.py-[line:123]-INFO-[日志信息]: 接口测试数据：{'username': None, 'password': None}
Wed, 09 Mar 2022 21:50:45-root-logger_handler.py-[line:129]-ERROR-[日志信息]: 用例执行失败：assert '登录成功' == '用户名不存在'
Wed, 09 Mar 2022 21:50:48-root-logger_handler.py-[line:129]-ERROR-[日志信息]: 用例执行失败：assert '注册成功' == '用户名已经存在'
Wed, 09 Mar 2022 21:50:50-root-logger_handler.py-[line:129]-ERROR-[日志信息]: 用例执行失败：assert '注册成功' == '用户名已经存在'
Wed, 09 Mar 2022 21:50:52-root-logger_handler.py-[line:129]-ERROR-[日志信息]: 用例执行失败：assert '注册成功' == '用户名已经存在'
Wed, 09 Mar 2022 21:50:54-root-logger_handler.py-[line:129]-ERROR-[日志信息]: 用例执行失败：assert '注册成功' == '用户名已经存在'
